<?xml version="1.0" encoding="UTF-8"?>
<!-- Generated by org.testng.reporters.JUnitReportReporter -->
<testsuite hostname="DESKTOP-FQ2Q8F9" failures="0" tests="1" name="folder.PostManColloection" time="16.930" errors="0" timestamp="2023-11-28T10:08:13 IST" skipped="0">
  <testcase classname="folder.PostManColloection" name="getData" time="16.930"/>
  <system-out/>
</testsuite> <!-- folder.PostManColloection -->
