<?xml version="1.0" encoding="UTF-8"?>
<!-- Generated by org.testng.reporters.JUnitReportReporter -->
<testsuite hostname="DESKTOP-FQ2Q8F9" failures="0" tests="1" name="demoPackage.d2" time="3.937" errors="0" timestamp="2023-10-24T20:28:38 IST" skipped="0">
  <testcase classname="demoPackage.d2" name="getdata" time="3.937"/>
  <system-out/>
</testsuite> <!-- demoPackage.d2 -->
