<?xml version="1.0" encoding="UTF-8"?>
<!-- Generated by org.testng.reporters.JUnitReportReporter -->
<testsuite hostname="DESKTOP-FQ2Q8F9" failures="0" tests="1" name="pojoMainPackage.EmpINFOMainClass" time="3.395" errors="0" timestamp="2023-11-01T18:15:14 IST" skipped="0">
  <testcase classname="pojoMainPackage.EmpINFOMainClass" name="empdetails" time="3.395"/>
  <system-out/>
</testsuite> <!-- pojoMainPackage.EmpINFOMainClass -->
