<?xml version="1.0" encoding="UTF-8"?>
<!-- Generated by org.testng.reporters.JUnitReportReporter -->
<testsuite hostname="DESKTOP-FQ2Q8F9" failures="0" tests="1" name="folder.P1" time="4.447" errors="0" timestamp="2023-11-28T11:26:38 IST" skipped="0">
  <testcase classname="folder.P1" name="getdataFromParam" time="4.447"/>
  <system-out/>
</testsuite> <!-- folder.P1 -->
