<?xml version="1.0" encoding="UTF-8"?>
<!-- Generated by org.testng.reporters.JUnitReportReporter -->
<testsuite hostname="DESKTOP-FQ2Q8F9" failures="0" tests="1" name="demoPackage.D3" time="7.122" errors="0" timestamp="2023-10-24T20:54:25 IST" skipped="0">
  <testcase classname="demoPackage.D3" name="valid" time="7.122"/>
  <system-out/>
</testsuite> <!-- demoPackage.D3 -->
