<?xml version="1.0" encoding="UTF-8"?>
<!-- Generated by org.testng.reporters.JUnitReportReporter -->
<testsuite hostname="DESKTOP-FQ2Q8F9" failures="0" tests="1" name="demoPackage.d1" time="6.976" errors="0" timestamp="2023-10-20T18:55:49 IST" skipped="0">
  <testcase classname="demoPackage.d1" name="d" time="6.976"/>
  <system-out/>
</testsuite> <!-- demoPackage.d1 -->
