<?xml version="1.0" encoding="UTF-8"?>
<!-- Generated by org.testng.reporters.JUnitReportReporter -->
<testsuite hostname="DESKTOP-FQ2Q8F9" failures="0" tests="1" name="pojoMainPackage.MultipleObjectMainClass" time="7.123" errors="0" timestamp="2023-11-01T18:29:31 IST" skipped="0">
  <testcase classname="pojoMainPackage.MultipleObjectMainClass" name="m" time="7.123"/>
  <system-out/>
</testsuite> <!-- pojoMainPackage.MultipleObjectMainClass -->
