<?xml version="1.0" encoding="UTF-8"?>
<!-- Generated by org.testng.reporters.JUnitReportReporter -->
<testsuite hostname="DESKTOP-FQ2Q8F9" failures="0" tests="1" name="demoPackage.Header" time="2.724" errors="0" timestamp="2023-10-24T21:18:57 IST" skipped="0">
  <testcase classname="demoPackage.Header" name="m" time="2.724"/>
  <system-out/>
</testsuite> <!-- demoPackage.Header -->
