<?xml version="1.0" encoding="UTF-8"?>
<!-- Generated by org.testng.reporters.JUnitReportReporter -->
<testsuite hostname="DESKTOP-FQ2Q8F9" failures="0" tests="1" name="pojoMainPackage.SingleObjectMainClass" time="4.857" errors="0" timestamp="2023-10-28T12:53:28 IST" skipped="0">
  <testcase classname="pojoMainPackage.SingleObjectMainClass" name="m" time="4.857"/>
  <system-out/>
</testsuite> <!-- pojoMainPackage.SingleObjectMainClass -->
